<?xml version="1.0" encoding="UTF-8"?>
<!-- Generated by org.testng.reporters.JUnitReportReporter -->
<testsuite skipped="0" hostname="BLRWX11087" name="com.ocesales.testCases.TC_Loging_001" tests="1" failures="0" timestamp="03 Aug 2021 14:51:15 GMT" time="15.914" errors="0">
  <testcase name="loginTest" time="15.914" classname="com.ocesales.testCases.TC_Loging_001"/>
</testsuite> <!-- com.ocesales.testCases.TC_Loging_001 -->
