<?xml version="1.0" encoding="UTF-8"?>
<!-- Generated by org.testng.reporters.JUnitReportReporter -->
<testsuite hostname="BLRWX11087" failures="0" tests="1" name="com.ocesales.testCases.TC_Loging_001" time="15.756" errors="0" timestamp="03 Aug 2021 14:52:53 GMT" skipped="0">
  <testcase classname="com.ocesales.testCases.TC_Loging_001" name="loginTest" time="15.756"/>
</testsuite> <!-- com.ocesales.testCases.TC_Loging_001 -->
